2025-03-12 14:08:03,549 - INFO - Creating KinD cluster 'dry-run'...
2025-03-12 14:08:17,546 - INFO - Folder 'autotune' already exists. Skipping clone.
2025-03-12 14:08:17,546 - INFO - Running ./scripts/prometheus_on_kind.sh
2025-03-12 14:09:22,548 - INFO - Info: installing prometheus...

Info: Checking pre requisites for prometheus...
Info: Downloading cadvisor git

Info: Installing cadvisor
namespace/cadvisor created
serviceaccount/cadvisor created
daemonset.apps/cadvisor created

Info: Downloading prometheus git release - v0.13.0

Info: Installing prometheus
customresourcedefinition.apiextensions.k8s.io/alertmanagerconfigs.monitoring.coreos.com serverside-applied
customresourcedefinition.apiextensions.k8s.io/alertmanagers.monitoring.coreos.com serverside-applied
customresourcedefinition.apiextensions.k8s.io/podmonitors.monitoring.coreos.com serverside-applied
customresourcedefinition.apiextensions.k8s.io/probes.monitoring.coreos.com serverside-applied
customresourcedefinition.apiextensions.k8s.io/prometheuses.monitoring.coreos.com serverside-applied
customresourcedefinition.apiextensions.k8s.io/prometheusagents.monitoring.coreos.com serverside-applied
customresourcedefinition.apiextensions.k8s.io/prometheusrules.monitoring.coreos.com serverside-applied
customresourcedefinition.apiextensions.k8s.io/scrapeconfigs.monitoring.coreos.com serverside-applied
customresourcedefinition.apiextensions.k8s.io/servicemonitors.monitoring.coreos.com serverside-applied
customresourcedefinition.apiextensions.k8s.io/thanosrulers.monitoring.coreos.com serverside-applied
namespace/monitoring serverside-applied
alertmanager.monitoring.coreos.com/main serverside-applied
networkpolicy.networking.k8s.io/alertmanager-main serverside-applied
poddisruptionbudget.policy/alertmanager-main serverside-applied
prometheusrule.monitoring.coreos.com/alertmanager-main-rules serverside-applied
secret/alertmanager-main serverside-applied
service/alertmanager-main serverside-applied
serviceaccount/alertmanager-main serverside-applied
servicemonitor.monitoring.coreos.com/alertmanager-main serverside-applied
clusterrole.rbac.authorization.k8s.io/blackbox-exporter serverside-applied
clusterrolebinding.rbac.authorization.k8s.io/blackbox-exporter serverside-applied
configmap/blackbox-exporter-configuration serverside-applied
deployment.apps/blackbox-exporter serverside-applied
networkpolicy.networking.k8s.io/blackbox-exporter serverside-applied
service/blackbox-exporter serverside-applied
serviceaccount/blackbox-exporter serverside-applied
servicemonitor.monitoring.coreos.com/blackbox-exporter serverside-applied
secret/grafana-config serverside-applied
secret/grafana-datasources serverside-applied
configmap/grafana-dashboard-alertmanager-overview serverside-applied
configmap/grafana-dashboard-apiserver serverside-applied
configmap/grafana-dashboard-cluster-total serverside-applied
configmap/grafana-dashboard-controller-manager serverside-applied
configmap/grafana-dashboard-grafana-overview serverside-applied
configmap/grafana-dashboard-k8s-resources-cluster serverside-applied
configmap/grafana-dashboard-k8s-resources-multicluster serverside-applied
configmap/grafana-dashboard-k8s-resources-namespace serverside-applied
configmap/grafana-dashboard-k8s-resources-node serverside-applied
configmap/grafana-dashboard-k8s-resources-pod serverside-applied
configmap/grafana-dashboard-k8s-resources-workload serverside-applied
configmap/grafana-dashboard-k8s-resources-workloads-namespace serverside-applied
configmap/grafana-dashboard-kubelet serverside-applied
configmap/grafana-dashboard-namespace-by-pod serverside-applied
configmap/grafana-dashboard-namespace-by-workload serverside-applied
configmap/grafana-dashboard-node-cluster-rsrc-use serverside-applied
configmap/grafana-dashboard-node-rsrc-use serverside-applied
configmap/grafana-dashboard-nodes-darwin serverside-applied
configmap/grafana-dashboard-nodes serverside-applied
configmap/grafana-dashboard-persistentvolumesusage serverside-applied
configmap/grafana-dashboard-pod-total serverside-applied
configmap/grafana-dashboard-prometheus-remote-write serverside-applied
configmap/grafana-dashboard-prometheus serverside-applied
configmap/grafana-dashboard-proxy serverside-applied
configmap/grafana-dashboard-scheduler serverside-applied
configmap/grafana-dashboard-workload-total serverside-applied
configmap/grafana-dashboards serverside-applied
deployment.apps/grafana serverside-applied
networkpolicy.networking.k8s.io/grafana serverside-applied
prometheusrule.monitoring.coreos.com/grafana-rules serverside-applied
service/grafana serverside-applied
serviceaccount/grafana serverside-applied
servicemonitor.monitoring.coreos.com/grafana serverside-applied
prometheusrule.monitoring.coreos.com/kube-prometheus-rules serverside-applied
clusterrole.rbac.authorization.k8s.io/kube-state-metrics serverside-applied
clusterrolebinding.rbac.authorization.k8s.io/kube-state-metrics serverside-applied
deployment.apps/kube-state-metrics serverside-applied
networkpolicy.networking.k8s.io/kube-state-metrics serverside-applied
prometheusrule.monitoring.coreos.com/kube-state-metrics-rules serverside-applied
service/kube-state-metrics serverside-applied
serviceaccount/kube-state-metrics serverside-applied
servicemonitor.monitoring.coreos.com/kube-state-metrics serverside-applied
prometheusrule.monitoring.coreos.com/kubernetes-monitoring-rules serverside-applied
servicemonitor.monitoring.coreos.com/kube-apiserver serverside-applied
servicemonitor.monitoring.coreos.com/coredns serverside-applied
servicemonitor.monitoring.coreos.com/kube-controller-manager serverside-applied
servicemonitor.monitoring.coreos.com/kube-scheduler serverside-applied
servicemonitor.monitoring.coreos.com/kubelet serverside-applied
clusterrole.rbac.authorization.k8s.io/node-exporter serverside-applied
clusterrolebinding.rbac.authorization.k8s.io/node-exporter serverside-applied
daemonset.apps/node-exporter serverside-applied
networkpolicy.networking.k8s.io/node-exporter serverside-applied
prometheusrule.monitoring.coreos.com/node-exporter-rules serverside-applied
service/node-exporter serverside-applied
serviceaccount/node-exporter serverside-applied
servicemonitor.monitoring.coreos.com/node-exporter serverside-applied
clusterrole.rbac.authorization.k8s.io/prometheus-k8s serverside-applied
clusterrolebinding.rbac.authorization.k8s.io/prometheus-k8s serverside-applied
networkpolicy.networking.k8s.io/prometheus-k8s serverside-applied
poddisruptionbudget.policy/prometheus-k8s serverside-applied
prometheus.monitoring.coreos.com/k8s serverside-applied
prometheusrule.monitoring.coreos.com/prometheus-k8s-prometheus-rules serverside-applied
rolebinding.rbac.authorization.k8s.io/prometheus-k8s-config serverside-applied
rolebinding.rbac.authorization.k8s.io/prometheus-k8s serverside-applied
rolebinding.rbac.authorization.k8s.io/prometheus-k8s serverside-applied
rolebinding.rbac.authorization.k8s.io/prometheus-k8s serverside-applied
role.rbac.authorization.k8s.io/prometheus-k8s-config serverside-applied
role.rbac.authorization.k8s.io/prometheus-k8s serverside-applied
role.rbac.authorization.k8s.io/prometheus-k8s serverside-applied
role.rbac.authorization.k8s.io/prometheus-k8s serverside-applied
service/prometheus-k8s serverside-applied
serviceaccount/prometheus-k8s serverside-applied
servicemonitor.monitoring.coreos.com/prometheus-k8s serverside-applied
apiservice.apiregistration.k8s.io/v1beta1.metrics.k8s.io serverside-applied
clusterrole.rbac.authorization.k8s.io/prometheus-adapter serverside-applied
clusterrole.rbac.authorization.k8s.io/system:aggregated-metrics-reader serverside-applied
clusterrolebinding.rbac.authorization.k8s.io/prometheus-adapter serverside-applied
clusterrolebinding.rbac.authorization.k8s.io/resource-metrics:system:auth-delegator serverside-applied
clusterrole.rbac.authorization.k8s.io/resource-metrics-server-resources serverside-applied
configmap/adapter-config serverside-applied
deployment.apps/prometheus-adapter serverside-applied
networkpolicy.networking.k8s.io/prometheus-adapter serverside-applied
poddisruptionbudget.policy/prometheus-adapter serverside-applied
rolebinding.rbac.authorization.k8s.io/resource-metrics-auth-reader serverside-applied
service/prometheus-adapter serverside-applied
serviceaccount/prometheus-adapter serverside-applied
servicemonitor.monitoring.coreos.com/prometheus-adapter serverside-applied
clusterrole.rbac.authorization.k8s.io/prometheus-operator serverside-applied
clusterrolebinding.rbac.authorization.k8s.io/prometheus-operator serverside-applied
deployment.apps/prometheus-operator serverside-applied
networkpolicy.networking.k8s.io/prometheus-operator serverside-applied
prometheusrule.monitoring.coreos.com/prometheus-operator-rules serverside-applied
service/prometheus-operator serverside-applied
serviceaccount/prometheus-operator serverside-applied
servicemonitor.monitoring.coreos.com/prometheus-operator serverside-applied
Info: Waiting for all Prometheus Pods to get spawned..............done
Info: Waiting for prometheus-k8s-1 to come up.....
Error: No pods found matching prometheus-k8s-1
prometheus-k8s-1                       0/2     Init:0/1            0          4s


2025-03-12 14:09:22,548 - ERROR - No resources found in monitoring namespace.
No resources found in monitoring namespace.

2025-03-12 14:09:22,548 - INFO - Running deploy.sh -c minikube -i quay.io/bharathappali/exman:v0.3
2025-03-12 14:11:42,552 - INFO - 
###   Installing kruize for minikube

use yaml build - 0
clusterrole.rbac.authorization.k8s.io/kruize-recommendation-updater created
clusterrolebinding.rbac.authorization.k8s.io/kruize-recommendation-updater-crb created
clusterrole.rbac.authorization.k8s.io/kruize-edit-ko created
clusterrole.rbac.authorization.k8s.io/instaslices-access created
clusterrolebinding.rbac.authorization.k8s.io/instaslices-access-binding created
clusterrolebinding.rbac.authorization.k8s.io/kruize-edit-ko-binding created
persistentvolume/kruize-db-pv created
persistentvolumeclaim/kruize-db-pvc created
deployment.apps/kruize-db-deployment created
service/kruize-db-service created
configmap/kruizeconfig created
deployment.apps/kruize created
service/kruize created
cronjob.batch/create-partition-cronjob created
servicemonitor.monitoring.coreos.com/kruize-service-monitor created
configmap/nginx-config created
service/kruize-ui-nginx-service created
pod/kruize-ui-nginx-pod created
cronjob.batch/kruize-delete-partition-cronjob created
Info: Waiting for kruize to come up.....
Info: kruize deploy succeeded: Running
kruize-848b468f8f-dkw8w                 1/1     Running   0          2m16s
kruize-db-deployment-6f9dd556f8-n4w4j   1/1     Running   0          2m16s
kruize-ui-nginx-pod                     1/1     Running   0          2m16s


